[H[J[3JCMake Warning:
  Ignoring extra path from command line:

   "\-DKRATOS_SMP_TBB=ON"


-- The C compiler identification is GNU 13.3.0
-- The CXX compiler identification is GNU 13.3.0
-- Detecting C compiler ABI info
-- Detecting C compiler ABI info - done
-- Check for working C compiler: /usr/bin/gcc - skipped
-- Detecting C compile features
-- Detecting C compile features - done
-- Detecting CXX compiler ABI info
-- Detecting CXX compiler ABI info - done
-- Check for working CXX compiler: /usr/bin/g++ - skipped
-- Detecting CXX compile features
-- Detecting CXX compile features - done
-- No KRATOS_SOURCE_DIR is defined, using: /app
-- No KRATOS_BINARY_DIR is defined, using: /app/build/Release
-- No KRATOS_INSTALL_PYTHON_USING_LINKS is defined, setting to OFF
-- No CMAKE_INSTALL_MESSAGE is defined. Setting to NEVER
-- Found Git: /usr/bin/git (found version "2.49.0")
-- Additional default options were set for GCC
-- CMAKE_SYSTEM_NAME = Linux
-- CMAKE_CXX_COMPILER_ID = GNU
-- CMAKE_CXX_FLAGS =  -funroll-loops -Wall -Wl,--no-as-needed -ldl -Wsuggest-override
-- CMAKE_C_FLAGS =  -funroll-loops -Wall -Wl,--no-as-needed -ldl
CMake Error at cmake_modules/KratosDependencies.cmake:4 (find_package):
  By not providing "FindTBB.cmake" in CMAKE_MODULE_PATH this project has
  asked CMake to find a package configuration file provided by "TBB", but
  CMake did not find one.

  Could not find a package configuration file provided by "TBB" with any of
  the following names:

    TBBConfig.cmake
    tbb-config.cmake

  Add the installation prefix of "TBB" to CMAKE_PREFIX_PATH or set "TBB_DIR"
  to a directory containing one of the above files.  If "TBB" provides a
  separate development package or SDK, be sure it has been installed.
Call Stack (most recent call first):
  CMakeLists.txt:310 (include)


-- Configuring incomplete, errors occurred!
-- No KRATOS_SOURCE_DIR is defined, using: /app
-- No KRATOS_BINARY_DIR is defined, using: /app/build/Release
-- No KRATOS_INSTALL_PYTHON_USING_LINKS is defined, setting to OFF
-- No CMAKE_INSTALL_MESSAGE is defined. Setting to NEVER
-- Additional default options were set for GCC
-- CMAKE_SYSTEM_NAME = Linux
-- CMAKE_CXX_COMPILER_ID = GNU
-- CMAKE_CXX_FLAGS =  -funroll-loops -Wall -Wl,--no-as-needed -ldl -Wsuggest-override
-- CMAKE_C_FLAGS =  -funroll-loops -Wall -Wl,--no-as-needed -ldl
CMake Error at cmake_modules/KratosDependencies.cmake:4 (find_package):
  By not providing "FindTBB.cmake" in CMAKE_MODULE_PATH this project has
  asked CMake to find a package configuration file provided by "TBB", but
  CMake did not find one.

  Could not find a package configuration file provided by "TBB" with any of
  the following names:

    TBBConfig.cmake
    tbb-config.cmake

  Add the installation prefix of "TBB" to CMAKE_PREFIX_PATH or set "TBB_DIR"
  to a directory containing one of the above files.  If "TBB" provides a
  separate development package or SDK, be sure it has been installed.
Call Stack (most recent call first):
  CMakeLists.txt:310 (include)


-- Configuring incomplete, errors occurred!
gmake: *** [Makefile:472: cmake_check_build_system] Error 1
