-- The C compiler identification is GNU 13.3.0
-- The CXX compiler identification is GNU 13.3.0
-- Detecting C compiler ABI info
-- Detecting C compiler ABI info - done
-- Check for working C compiler: /usr/bin/cc - skipped
-- Detecting C compile features
-- Detecting C compile features - done
-- Detecting CXX compiler ABI info
-- Detecting CXX compiler ABI info - done
-- Check for working CXX compiler: /usr/bin/c++ - skipped
-- Detecting CXX compile features
-- Detecting CXX compile features - done
-- No KRATOS_SOURCE_DIR is defined, using: /app
-- No KRATOS_BINARY_DIR is defined, using: /app/build/Release
-- No KRATOS_INSTALL_PYTHON_USING_LINKS is defined, setting to OFF
-- No CMAKE_INSTALL_MESSAGE is defined. Setting to NEVER
-- Found Git: /usr/bin/git (found version "2.49.0")
-- Additional default options were set for GCC
-- CMAKE_SYSTEM_NAME = Linux
-- CMAKE_CXX_COMPILER_ID = GNU
-- CMAKE_CXX_FLAGS =  -funroll-loops -Wall -Wl,--no-as-needed -ldl -Wsuggest-override
-- CMAKE_C_FLAGS =  -funroll-loops -Wall -Wl,--no-as-needed -ldl
-- Found Python: /usr/local/bin/python (found version "3.10.17") found components: Interpreter
-- Performing Test CMAKE_HAVE_LIBC_PTHREAD
-- Performing Test CMAKE_HAVE_LIBC_PTHREAD - Success
-- Found Threads: TRUE
-- Found PythonInterp: /usr/bin/python3 (found suitable version "3.10.17", minimum required is "3.6")
-- Found PythonLibs: python3.10
-- LTO is Disabled
-- AR VERSION: /usr/bin/ar
-- Python version used for the interface will be 3.10
-- Standard install dir /app/bin/Release
-- "KRATOS_SHARED_MEMORY_PARALLELIZATION" not defined, defaulting to "OpenMP"
-- TBB parallelism explicitly requested via KRATOS_SMP_TBB.
-- Checking for one of the modules 'hwloc'
-- Looking for getcontext
-- Looking for getcontext - found
-- IPO enabled
-- GNU Assembler version: 2.42  (2042)
-- The tbbbind_2_5 target will be configured using the HWLOC 2.10.0
-- oneTBB successfully fetched and configured by FetchContent.
-- Using TBB for shared memory parallelization.
-- KRATOS_SMP_TBB is ON, OpenMP will be disabled for Kratos parallel constructs.
-- Found Boost: /usr/lib/x86_64-linux-gnu/cmake/Boost-1.83.0/BoostConfig.cmake (found version "1.83.0")
-- Boost include directory found with find_package
-- Boost library deduced from root directory
-- Boost include directory: /usr/include
-- Boost library directory: /lib
-- Found ZLIB: /usr/lib/x86_64-linux-gnu/libz.so (found version "1.3")

-- CMAKE_BUILD_TYPE ........ Release

WARNING: YOUR GIDPOST IS BEING COMPILED  WITHOUT DEBUG (ALL ASSERTS WILL BE AVOIDED)
-- Configuring applications (ENV):

***********************************************************************

        LIST OF APPLICATIONS THAT ARE GOING TO BE COMPILED:


        APPLICATIONS ADDED TO COMPILATION THROUGH DEPENDENCIES:


***********************************************************************


List of upcoming API-breaking and behavior changes:
	 Geometry 'Dimension' removed: https://github.com/KratosMultiphysics/Kratos/pull/10977
	 Geometry old projection methods deprecation: https://github.com/KratosMultiphysics/Kratos/pull/9024
	 Geometry old closest point methods deprecation: https://github.com/KratosMultiphysics/Kratos/pull/9243
	 Model 'CreateModelPart' behavior change (no error thrown if model part exists): https://github.com/KratosMultiphysics/Kratos/pull/9598
	 Make GetIntegrationMethod method of Condition const: https://github.com/KratosMultiphysics/Kratos/pull/9769
	 Behavior change of ModelPart.GetProperties (MeshIndex removed): https://github.com/KratosMultiphysics/Kratos/pull/9774
	 Behavior change of Testing. Please ensure you use KRATOS_EXPECT for testing instead of KRATOS_CHECK
-- clipper : /app/external_libraries/clipper
-- tinyexpr : /app/external_libraries/tinyexpr/tinyexpr/
-- Configuring done (5.4s)
-- Generating done (0.4s)
CMake Warning:
  Manually-specified variables were not used by the project:

    KRATOS_APPLICATIONS
    USE_EIGEN_MKL


-- Build files have been written to: /app/build/Release
